[0.109s] Invoking command in '/home/nl455/mocap_ws/build/mocap4r2_marker_viz': AMENT_PREFIX_PATH=/home/nl455/mocap_ws/install/mocap4r2_msgs:/home/nl455/mocap_ws/install/mocap4r2_marker_viz_srvs:${AMENT_PREFIX_PATH} CMAKE_PREFIX_PATH=/home/nl455/mocap_ws/install/mocap4r2_msgs:/home/nl455/mocap_ws/install/mocap4r2_marker_viz_srvs:/home/nl455/miniconda3/envs/ros_env CONDA_PROMPT_MODIFIER=(ros_env) DEBUGINFOD_URLS=https://debuginfod.ubuntu.com LD_LIBRARY_PATH=/home/nl455/mocap_ws/install/mocap4r2_msgs/lib:/home/nl455/mocap_ws/install/mocap4r2_marker_viz_srvs/lib:${LD_LIBRARY_PATH} PYTHONPATH=/home/nl455/mocap_ws/install/mocap4r2_msgs/lib/python3.12/site-packages:/home/nl455/mocap_ws/install/mocap4r2_marker_viz_srvs/lib/python3.12/site-packages:${PYTHONPATH} /home/nl455/miniconda3/envs/ros_env/bin/cmake --build /home/nl455/mocap_ws/build/mocap4r2_marker_viz -- -j32 -l32
[0.133s] [ 50%] Built target mocap4r2_marker_viz_NODE
[0.146s] [ 75%] [1m[32mLinking CXX executable mocap4r2_marker_viz[0m
[0.202s] /usr/bin/ld: cannot find -llttng-ust: No such file or directory
[0.202s] /usr/bin/ld: cannot find -llttng-ust-common: No such file or directory
[0.258s] collect2: error: ld returned 1 exit status
[0.259s] gmake[2]: *** [CMakeFiles/mocap4r2_marker_viz.dir/build.make:214: mocap4r2_marker_viz] Error 1
[0.259s] gmake[1]: *** [CMakeFiles/Makefile2:156: CMakeFiles/mocap4r2_marker_viz.dir/all] Error 2
[0.259s] gmake: *** [Makefile:146: all] Error 2
