[0.109s] Invoking command in '/home/nl455/mocap_ws/build/mocap4r2_marker_publisher': AMENT_PREFIX_PATH=/home/nl455/mocap_ws/install/mocap4r2_msgs:${AMENT_PREFIX_PATH} CMAKE_PREFIX_PATH=/home/nl455/mocap_ws/install/mocap4r2_msgs:/home/nl455/miniconda3/envs/ros_env CONDA_PROMPT_MODIFIER=(ros_env) DEBUGINFOD_URLS=https://debuginfod.ubuntu.com LD_LIBRARY_PATH=/home/nl455/mocap_ws/install/mocap4r2_msgs/lib:${LD_LIBRARY_PATH} PYTHONPATH=/home/nl455/mocap_ws/install/mocap4r2_msgs/lib/python3.12/site-packages:${PYTHONPATH} /home/nl455/miniconda3/envs/ros_env/bin/cmake --build /home/nl455/mocap_ws/build/mocap4r2_marker_publisher -- -j32 -l32
[0.134s] [ 50%] [1m[32mLinking CXX executable mocap4r2_marker_publisher[0m
[0.156s] /usr/bin/ld: cannot find -llttng-ust: No such file or directory
[0.156s] /usr/bin/ld: cannot find -llttng-ust-common: No such file or directory
[0.177s] collect2: error: ld returned 1 exit status
[0.178s] gmake[2]: *** [CMakeFiles/mocap4r2_marker_publisher.dir/build.make:189: mocap4r2_marker_publisher] Error 1
[0.178s] gmake[1]: *** [CMakeFiles/Makefile2:153: CMakeFiles/mocap4r2_marker_publisher.dir/all] Error 2
[0.178s] gmake: *** [Makefile:146: all] Error 2
