/usr/bin/ld: cannot find -llttng-ust: No such file or directory
/usr/bin/ld: cannot find -llttng-ust-common: No such file or directory
collect2: error: ld returned 1 exit status
gmake[2]: *** [CMakeFiles/set_gt_component.dir/build.make:240: libset_gt_component.so] Error 1
gmake[1]: *** [CMakeFiles/Makefile2:226: CMakeFiles/set_gt_component.dir/all] Error 2
gmake[1]: *** Waiting for unfinished jobs....
/usr/bin/ld: cannot find -llttng-ust: No such file or directory
/usr/bin/ld: cannot find -llttng-ust-common: No such file or directory
collect2: error: ld returned 1 exit status
gmake[2]: *** [CMakeFiles/gt_component.dir/build.make:240: libgt_component.so] Error 1
gmake[1]: *** [CMakeFiles/Makefile2:162: CMakeFiles/gt_component.dir/all] Error 2
gmake: *** [Makefile:146: all] Error 2
