[ 28%] Built target gtest
[ 28%] Built target gtest_main
[ 35%] [1m[32mLinking CXX shared library libmocap4r2_control.so[0m
/usr/bin/ld: cannot find -llttng-ust: No such file or directory
/usr/bin/ld: cannot find -llttng-ust-common: No such file or directory
collect2: error: ld returned 1 exit status
gmake[2]: *** [CMakeFiles/mocap4r2_control.dir/build.make:231: libmocap4r2_control.so] Error 1
gmake[1]: *** [CMakeFiles/Makefile2:204: CMakeFiles/mocap4r2_control.dir/all] Error 2
gmake: *** [Makefile:146: all] Error 2
